<?xml version="1.0" encoding="UTF-8"?>
<!-- Generated by org.testng.reporters.JUnitXMLReporter -->
<testsuite hostname="USER-PC" name="Default test" tests="5" failures="0" timestamp="7 Aug 2018 07:53:10 GMT" time="155.537" errors="0">
  <testcase name="CreateRegistration" time="15.761" classname="com.Tests.RegistrationTest"/>
  <testcase name="CreateRegistration" time="15.582" classname="com.Tests.RegistrationTest"/>
  <testcase name="CreateRegistration" time="13.007" classname="com.Tests.RegistrationTest"/>
  <testcase name="CreateRegistration" time="16.728" classname="com.Tests.RegistrationTest"/>
  <testcase name="CreateRegistration" time="12.935" classname="com.Tests.RegistrationTest"/>
</testsuite> <!-- Default test -->
