<?xml version="1.0" encoding="UTF-8"?>
<testng-results skipped="0" failed="0" total="5" passed="5">
  <reporter-output>
  </reporter-output>
  <suite name="Default suite" duration-ms="155537" started-at="2018-08-07T07:50:34Z" finished-at="2018-08-07T07:53:09Z">
    <groups>
    </groups>
    <test name="Default test" duration-ms="155537" started-at="2018-08-07T07:50:34Z" finished-at="2018-08-07T07:53:09Z">
      <class name="com.Tests.RegistrationTest">
        <test-method status="PASS" signature="StartUp()[pri:0, instance:com.Tests.RegistrationTest@59f99ea]" name="StartUp" is-config="true" duration-ms="14116" started-at="2018-08-07T13:20:35Z" finished-at="2018-08-07T13:20:49Z">
          <reporter-output>
          </reporter-output>
        </test-method> <!-- StartUp -->
        <test-method status="PASS" signature="CreateRegistration(java.lang.String, java.lang.String, java.lang.String, java.lang.String, java.lang.String, java.lang.String, java.lang.String, java.lang.String, java.lang.String)[pri:0, instance:com.Tests.RegistrationTest@59f99ea]" name="CreateRegistration" duration-ms="15761" started-at="2018-08-07T13:20:49Z" data-provider="DataEntry" finished-at="2018-08-07T13:21:05Z">
          <params>
            <param index="0">
              <value>
                <![CDATA[Free Edition]]>
              </value>
            </param>
            <param index="1">
              <value>
                <![CDATA[Shanawaz]]>
              </value>
            </param>
            <param index="2">
              <value>
                <![CDATA[Mansuri]]>
              </value>
            </param>
            <param index="3">
              <value>
                <![CDATA[shanawaz@gmail.com]]>
              </value>
            </param>
            <param index="4">
              <value>
                <![CDATA[shanawaz@gmail.com]]>
              </value>
            </param>
            <param index="5">
              <value>
                <![CDATA[shanawazmans]]>
              </value>
            </param>
            <param index="6">
              <value>
                <![CDATA[Aalahazrat@1]]>
              </value>
            </param>
            <param index="7">
              <value>
                <![CDATA[Aalahazrat@1]]>
              </value>
            </param>
            <param index="8">
              <value>
                <![CDATA[agreeTerms]]>
              </value>
            </param>
          </params>
          <reporter-output>
          </reporter-output>
        </test-method> <!-- CreateRegistration -->
        <test-method status="PASS" signature="TearDown()[pri:0, instance:com.Tests.RegistrationTest@59f99ea]" name="TearDown" is-config="true" duration-ms="2393" started-at="2018-08-07T13:21:05Z" finished-at="2018-08-07T13:21:08Z">
          <reporter-output>
          </reporter-output>
        </test-method> <!-- TearDown -->
        <test-method status="PASS" signature="StartUp()[pri:0, instance:com.Tests.RegistrationTest@59f99ea]" name="StartUp" is-config="true" duration-ms="12883" started-at="2018-08-07T13:21:08Z" finished-at="2018-08-07T13:21:20Z">
          <reporter-output>
          </reporter-output>
        </test-method> <!-- StartUp -->
        <test-method status="PASS" signature="CreateRegistration(java.lang.String, java.lang.String, java.lang.String, java.lang.String, java.lang.String, java.lang.String, java.lang.String, java.lang.String, java.lang.String)[pri:0, instance:com.Tests.RegistrationTest@59f99ea]" name="CreateRegistration" duration-ms="15582" started-at="2018-08-07T13:21:20Z" data-provider="DataEntry" finished-at="2018-08-07T13:21:36Z">
          <params>
            <param index="0">
              <value>
                <![CDATA[Edition]]>
              </value>
            </param>
            <param index="1">
              <value>
                <![CDATA[Mohammed]]>
              </value>
            </param>
            <param index="2">
              <value>
                <![CDATA[Mansuri]]>
              </value>
            </param>
            <param index="3">
              <value>
                <![CDATA[Mohammed@gmail.com]]>
              </value>
            </param>
            <param index="4">
              <value>
                <![CDATA[Mohammed@gmail.com]]>
              </value>
            </param>
            <param index="5">
              <value>
                <![CDATA[MohammedHusain]]>
              </value>
            </param>
            <param index="6">
              <value>
                <![CDATA[Aalahazrat@1]]>
              </value>
            </param>
            <param index="7">
              <value>
                <![CDATA[Aalahazrat@1]]>
              </value>
            </param>
            <param index="8">
              <value>
                <![CDATA[No]]>
              </value>
            </param>
          </params>
          <reporter-output>
          </reporter-output>
        </test-method> <!-- CreateRegistration -->
        <test-method status="PASS" signature="TearDown()[pri:0, instance:com.Tests.RegistrationTest@59f99ea]" name="TearDown" is-config="true" duration-ms="2404" started-at="2018-08-07T13:21:36Z" finished-at="2018-08-07T13:21:38Z">
          <reporter-output>
          </reporter-output>
        </test-method> <!-- TearDown -->
        <test-method status="PASS" signature="StartUp()[pri:0, instance:com.Tests.RegistrationTest@59f99ea]" name="StartUp" is-config="true" duration-ms="15066" started-at="2018-08-07T13:21:38Z" finished-at="2018-08-07T13:21:54Z">
          <reporter-output>
          </reporter-output>
        </test-method> <!-- StartUp -->
        <test-method status="PASS" signature="CreateRegistration(java.lang.String, java.lang.String, java.lang.String, java.lang.String, java.lang.String, java.lang.String, java.lang.String, java.lang.String, java.lang.String)[pri:0, instance:com.Tests.RegistrationTest@59f99ea]" name="CreateRegistration" duration-ms="13007" started-at="2018-08-07T13:21:54Z" data-provider="DataEntry" finished-at="2018-08-07T13:22:07Z">
          <params>
            <param index="0">
              <value>
                <![CDATA[Free Edition]]>
              </value>
            </param>
            <param index="1">
              <value>
                <![CDATA[Nilofer]]>
              </value>
            </param>
            <param index="2">
              <value>
                <![CDATA[Mansuri]]>
              </value>
            </param>
            <param index="3">
              <value>
                <![CDATA[Nilofer@gmail.com]]>
              </value>
            </param>
            <param index="4">
              <value>
                <![CDATA[Nilofer@gmail.com]]>
              </value>
            </param>
            <param index="5">
              <value>
                <![CDATA[NiloferShanawaz]]>
              </value>
            </param>
            <param index="6">
              <value>
                <![CDATA[Aalahazrat@1]]>
              </value>
            </param>
            <param index="7">
              <value>
                <![CDATA[Aalahazrat@1]]>
              </value>
            </param>
            <param index="8">
              <value>
                <![CDATA[agreeTerms]]>
              </value>
            </param>
          </params>
          <reporter-output>
          </reporter-output>
        </test-method> <!-- CreateRegistration -->
        <test-method status="PASS" signature="TearDown()[pri:0, instance:com.Tests.RegistrationTest@59f99ea]" name="TearDown" is-config="true" duration-ms="2383" started-at="2018-08-07T13:22:07Z" finished-at="2018-08-07T13:22:09Z">
          <reporter-output>
          </reporter-output>
        </test-method> <!-- TearDown -->
        <test-method status="PASS" signature="StartUp()[pri:0, instance:com.Tests.RegistrationTest@59f99ea]" name="StartUp" is-config="true" duration-ms="11596" started-at="2018-08-07T13:22:09Z" finished-at="2018-08-07T13:22:21Z">
          <reporter-output>
          </reporter-output>
        </test-method> <!-- StartUp -->
        <test-method status="PASS" signature="CreateRegistration(java.lang.String, java.lang.String, java.lang.String, java.lang.String, java.lang.String, java.lang.String, java.lang.String, java.lang.String, java.lang.String)[pri:0, instance:com.Tests.RegistrationTest@59f99ea]" name="CreateRegistration" duration-ms="16728" started-at="2018-08-07T13:22:21Z" data-provider="DataEntry" finished-at="2018-08-07T13:22:37Z">
          <params>
            <param index="0">
              <value>
                <![CDATA[Edition]]>
              </value>
            </param>
            <param index="1">
              <value>
                <![CDATA[Noor]]>
              </value>
            </param>
            <param index="2">
              <value>
                <![CDATA[Mansuri]]>
              </value>
            </param>
            <param index="3">
              <value>
                <![CDATA[Noor@gmail.com]]>
              </value>
            </param>
            <param index="4">
              <value>
                <![CDATA[Noor@gmail.com]]>
              </value>
            </param>
            <param index="5">
              <value>
                <![CDATA[NoorFatima]]>
              </value>
            </param>
            <param index="6">
              <value>
                <![CDATA[Aalahazrat@1]]>
              </value>
            </param>
            <param index="7">
              <value>
                <![CDATA[Aalahazrat@1]]>
              </value>
            </param>
            <param index="8">
              <value>
                <![CDATA[agreeTerms]]>
              </value>
            </param>
          </params>
          <reporter-output>
          </reporter-output>
        </test-method> <!-- CreateRegistration -->
        <test-method status="PASS" signature="TearDown()[pri:0, instance:com.Tests.RegistrationTest@59f99ea]" name="TearDown" is-config="true" duration-ms="2082" started-at="2018-08-07T13:22:37Z" finished-at="2018-08-07T13:22:39Z">
          <reporter-output>
          </reporter-output>
        </test-method> <!-- TearDown -->
        <test-method status="PASS" signature="StartUp()[pri:0, instance:com.Tests.RegistrationTest@59f99ea]" name="StartUp" is-config="true" duration-ms="14827" started-at="2018-08-07T13:22:39Z" finished-at="2018-08-07T13:22:54Z">
          <reporter-output>
          </reporter-output>
        </test-method> <!-- StartUp -->
        <test-method status="PASS" signature="CreateRegistration(java.lang.String, java.lang.String, java.lang.String, java.lang.String, java.lang.String, java.lang.String, java.lang.String, java.lang.String, java.lang.String)[pri:0, instance:com.Tests.RegistrationTest@59f99ea]" name="CreateRegistration" duration-ms="12935" started-at="2018-08-07T13:22:54Z" data-provider="DataEntry" finished-at="2018-08-07T13:23:07Z">
          <params>
            <param index="0">
              <value>
                <![CDATA[CRMPRO - $29.95 user/mo.]]>
              </value>
            </param>
            <param index="1">
              <value>
                <![CDATA[Fatima]]>
              </value>
            </param>
            <param index="2">
              <value>
                <![CDATA[Mansuri]]>
              </value>
            </param>
            <param index="3">
              <value>
                <![CDATA[Fatima@gmail.com]]>
              </value>
            </param>
            <param index="4">
              <value>
                <![CDATA[Fatima@gmail.com]]>
              </value>
            </param>
            <param index="5">
              <value>
                <![CDATA[Fatima]]>
              </value>
            </param>
            <param index="6">
              <value>
                <![CDATA[Aalahazrat@1]]>
              </value>
            </param>
            <param index="7">
              <value>
                <![CDATA[Aalahazrat@1]]>
              </value>
            </param>
            <param index="8">
              <value>
                <![CDATA[No]]>
              </value>
            </param>
          </params>
          <reporter-output>
          </reporter-output>
        </test-method> <!-- CreateRegistration -->
        <test-method status="PASS" signature="TearDown()[pri:0, instance:com.Tests.RegistrationTest@59f99ea]" name="TearDown" is-config="true" duration-ms="2150" started-at="2018-08-07T13:23:07Z" finished-at="2018-08-07T13:23:09Z">
          <reporter-output>
          </reporter-output>
        </test-method> <!-- TearDown -->
      </class> <!-- com.Tests.RegistrationTest -->
    </test> <!-- Default test -->
  </suite> <!-- Default suite -->
</testng-results>
